#
# There is insufficient memory for the Java Runtime Environment to continue.
# Native memory allocation (malloc) failed to allocate 1048576 bytes for AllocateHeap
# Possible reasons:
#   The system is out of physical RAM or swap space
#   In 32 bit mode, the process size limit was hit
# Possible solutions:
#   Reduce memory load on the system
#   Increase physical memory or swap space
#   Check if swap backing store is full
#   Use 64 bit Java on a 64 bit OS
#   Decrease Java heap size (-Xmx/-Xms)
#   Decrease number of Java threads
#   Decrease Java thread stack sizes (-Xss)
#   Set larger code cache with -XX:ReservedCodeCacheSize=
# This output file may be truncated or incomplete.
#
#  Out of Memory Error (memory/allocation.inline.hpp:61), pid=17360, tid=0x00000000000040d8
#
# JRE version:  (8.0) (build )
# Java VM: OpenJDK 64-Bit Server VM (25.71-b00 mixed mode windows-amd64 compressed oops)
# Failed to write core dump. Minidumps are not enabled by default on client versions of Windows
#

---------------  T H R E A D  ---------------

Current thread (0x00000000022be800):  JavaThread "Unknown thread" [_thread_in_vm, id=16600, stack(0x0000000002690000,0x0000000002790000)]

Stack: [0x0000000002690000,0x0000000002790000]
[error occurred during error reporting (printing stack bounds), id 0xc0000005]

Native frames: (J=compiled Java code, j=interpreted, Vv=VM code, C=native code)


---------------  P R O C E S S  ---------------

Java Threads: ( => current thread )

Other Threads:

=>0x00000000022be800 (exited) JavaThread "Unknown thread" [_thread_in_vm, id=16600, stack(0x0000000002690000,0x0000000002790000)]

VM state:not at safepoint (normal execution)

VM Mutex/Monitor currently owned by a thread: None

Heap:
 PSYoungGen      total 76288K, used 1310K [0x000000076ae00000, 0x0000000770300000, 0x00000007c0000000)
  eden space 65536K, 2% used [0x000000076ae00000,0x000000076af47af0,0x000000076ee00000)
  from space 10752K, 0% used [0x000000076f880000,0x000000076f880000,0x0000000770300000)
  to   space 10752K, 0% used [0x000000076ee00000,0x000000076ee00000,0x000000076f880000)
 ParOldGen       total 175104K, used 0K [0x00000006c0a00000, 0x00000006cb500000, 0x000000076ae00000)
  object space 175104K, 0% used [0x00000006c0a00000,0x00000006c0a00000,0x00000006cb500000)
 Metaspace       used 777K, capacity 4480K, committed 4480K, reserved 1056768K
  class space    used 74K, capacity 384K, committed 384K, reserved 1048576K

Card table byte_map: [0x0000000011c50000,0x0000000012450000] byte_map_base: 0x000000000e64b000

Marking Bits: (ParMarkBitMap*) 0x00000000728abe50
 Begin Bits: [0x0000000012fb0000, 0x0000000016f88000)
 End Bits:   [0x0000000016f88000, 0x000000001af60000)

Polling page: 0x00000000005b0000

CodeCache: size=245760Kb used=328Kb max_used=328Kb free=245431Kb
 bounds [0x0000000002890000, 0x0000000002b00000, 0x0000000011890000]
 total_blobs=57 nmethods=0 adapters=38
 compilation: enabled

Compilation events (0 events):
No events

GC Heap History (0 events):
No events

Deoptimization events (0 events):
No events

Classes redefined (0 events):
No events

Internal exceptions (0 events):
No events

Events (10 events):
Event: 0.061 loading class java/lang/Short
Event: 0.061 loading class java/lang/Short done
Event: 0.061 loading class java/lang/Integer
Event: 0.062 loading class java/lang/Integer done
Event: 0.062 loading class java/lang/Long
Event: 0.062 loading class java/lang/Long done
Event: 0.063 loading class java/lang/NullPointerException
Event: 0.063 loading class java/lang/NullPointerException done
Event: 0.064 loading class java/lang/ArithmeticException
Event: 0.064 loading class java/lang/ArithmeticException done


Dynamic libraries:
0x00007ff6a2140000 - 0x00007ff6a2175000 	D:\unityTool\2019.4.10f1\Editor\Data\PlaybackEngines\AndroidPlayer\OpenJDK\bin\java.exe
0x00007ffe39470000 - 0x00007ffe39664000 	C:\Windows\SYSTEM32\ntdll.dll
0x00007ffe38240000 - 0x00007ffe382fd000 	C:\Windows\System32\KERNEL32.DLL
0x00007ffe36ec0000 - 0x00007ffe37187000 	C:\Windows\System32\KERNELBASE.dll
0x00007ffe38300000 - 0x00007ffe383aa000 	C:\Windows\System32\ADVAPI32.dll
0x00007ffe37590000 - 0x00007ffe3762e000 	C:\Windows\System32\msvcrt.dll
0x00007ffe38a00000 - 0x00007ffe38a9b000 	C:\Windows\System32\sechost.dll
0x00007ffe383b0000 - 0x00007ffe384d3000 	C:\Windows\System32\RPCRT4.dll
0x00007ffe376c0000 - 0x00007ffe37860000 	C:\Windows\System32\USER32.dll
0x00007ffe36cb0000 - 0x00007ffe36cd2000 	C:\Windows\System32\win32u.dll
0x00007ffe38db0000 - 0x00007ffe38dda000 	C:\Windows\System32\GDI32.dll
0x00007ffe36d60000 - 0x00007ffe36e6a000 	C:\Windows\System32\gdi32full.dll
0x00007ffe37240000 - 0x00007ffe372dd000 	C:\Windows\System32\msvcp_win.dll
0x00007ffe36bb0000 - 0x00007ffe36cb0000 	C:\Windows\System32\ucrtbase.dll
0x00007ffe25d40000 - 0x00007ffe25fda000 	C:\Windows\WinSxS\amd64_microsoft.windows.common-controls_6595b64144ccf1df_6.0.19041.1_none_b555e41d4684ddec\COMCTL32.dll
0x00007ffe38210000 - 0x00007ffe38240000 	C:\Windows\System32\IMM32.DLL
0x0000000072930000 - 0x0000000072a02000 	D:\unityTool\2019.4.10f1\Editor\Data\PlaybackEngines\AndroidPlayer\OpenJDK\jre\bin\msvcr100.dll
0x00000000720e0000 - 0x0000000072929000 	D:\unityTool\2019.4.10f1\Editor\Data\PlaybackEngines\AndroidPlayer\OpenJDK\jre\bin\server\jvm.dll
0x00007ffe37580000 - 0x00007ffe37588000 	C:\Windows\System32\PSAPI.DLL
0x00007ffe31580000 - 0x00007ffe31589000 	C:\Windows\SYSTEM32\WSOCK32.dll
0x00007ffe36750000 - 0x00007ffe3675a000 	C:\Windows\SYSTEM32\VERSION.dll
0x00007ffe2e540000 - 0x00007ffe2e567000 	C:\Windows\SYSTEM32\WINMM.dll
0x00007ffe38140000 - 0x00007ffe381ab000 	C:\Windows\System32\WS2_32.dll
0x00007ffe23030000 - 0x00007ffe2303f000 	D:\unityTool\2019.4.10f1\Editor\Data\PlaybackEngines\AndroidPlayer\OpenJDK\jre\bin\verify.dll
0x00007ffe1efc0000 - 0x00007ffe1efe9000 	D:\unityTool\2019.4.10f1\Editor\Data\PlaybackEngines\AndroidPlayer\OpenJDK\jre\bin\java.dll
0x00007ffe21900000 - 0x00007ffe21916000 	D:\unityTool\2019.4.10f1\Editor\Data\PlaybackEngines\AndroidPlayer\OpenJDK\jre\bin\zip.dll

VM Arguments:
jvm_args: -Dfile.encoding=UTF-8 
java_command: <unknown>
java_class_path (initial): .
Launcher Type: SUN_STANDARD

Environment Variables:
JAVA_TOOL_OPTIONS=-Dfile.encoding=UTF-8
PATH=C:\Python39\Scripts\;C:\Python39\;C:\Program Files\PlasticSCM5\server;C:\Program Files\PlasticSCM5\client;C:\Windows\system32;C:\Windows;C:\Windows\System32\Wbem;C:\Windows\System32\WindowsPowerShell\v1.0\;C:\Windows\System32\OpenSSH\;C:\Program Files\dotnet\;D:\Git\cmd;C:\Program Files\Common Files\Autodesk Shared\;C:\Program Files (x86)\Autodesk\Backburner\;D:\Project\nodejs\;C:\ProgramData\chocolatey\bin;C:\Users\Administrator\AppData\Local\Microsoft\WindowsApps;C:\Users\Administrator\.dotnet\tools;C:\Users\Administrator\AppData\Local\gitkraken\bin;C:\Users\Administrator\AppData\Roaming\npm
USERNAME=Administrator
OS=Windows_NT
PROCESSOR_IDENTIFIER=Intel64 Family 6 Model 158 Stepping 10, GenuineIntel



---------------  S Y S T E M  ---------------

OS: Windows 10.0 , 64 bit Build 19041 (10.0.19041.207)

CPU:total 6 (initial active 6) (6 cores per cpu, 1 threads per core) family 6 model 158 stepping 10, cmov, cx8, fxsr, mmx, sse, sse2, sse3, ssse3, sse4.1, sse4.2, popcnt, avx, avx2, aes, clmul, erms, rtm, 3dnowpref, lzcnt, tsc, tscinvbit, bmi1, bmi2, adx

Memory: 4k page, physical 16734228k(9287736k free), swap 29317140k(5556k free)

vm_info: OpenJDK 64-Bit Server VM (25.71-b00) for windows-amd64 JRE (1.8.0-adoptopenjdk-_2018_05_19_00_59-b00), built on May 19 2018 01:02:12 by "jenkins" with MS VC++ 10.0 (VS2010)

time: Mon Aug 02 23:49:36 2021
elapsed time: 0 seconds (0d 0h 0m 0s)

